app/build/outputs/logs/manifest-merger-debug-report.txt
-- Merging decision tree log ---
manifest
ADDED from src\main\AndroidManifest.xml:2:1-59:12
INJECTED from src\main\AndroidManifest.xml:2:1-59:12
INJECTED from src\main\AndroidManifest.xml:2:1-59:12
INJECTED from src\main\AndroidManifest.xml:2:1-59:12
MERGED from [com.android.support:design:25.3.1] AndroidManifest.xml:17:1-31:12
MERGED from [com.firebaseui:firebase-ui-storage:0.6.0] AndroidManifest.xml:2:1-11:12
MERGED from [com.firebaseui:firebase-ui-database:0.4.0] AndroidManifest.xml:2:1-13:12
MERGED from [com.android.support:appcompat-v7:25.3.1] AndroidManifest.xml:17:1-31:12
MERGED from [com.android.support.constraint:constraint-layout:1.0.2] AndroidManifest.xml:2:1-11:12
MERGED from [com.google.firebase:firebase-database:10.0.1] AndroidManifest.xml:2:1-4:12
MERGED from [com.google.firebase:firebase-auth:10.0.1] AndroidManifest.xml:16:1-21:12
MERGED from [com.google.firebase:firebase-core:10.0.1] AndroidManifest.xml:2:1-6:12
MERGED from [com.google.firebase:firebase-storage:10.0.1] AndroidManifest.xml:2:1-4:12
MERGED from [com.android.support:cardview-v7:25.3.1] AndroidManifest.xml:17:1-28:12
MERGED from [com.android.support:transition:25.3.1] AndroidManifest.xml:17:1-28:12
MERGED from [com.android.support:animated-vector-drawable:25.3.1] AndroidManifest.xml:17:1-28:12
MERGED from [com.android.support:support-vector-drawable:25.3.1] AndroidManifest.xml:17:1-28:12
MERGED from [com.android.support:recyclerview-v7:25.3.1] AndroidManifest.xml:17:1-26:12
MERGED from [com.google.firebase:firebase-analytics:10.0.1] AndroidManifest.xml:16:1-34:12
MERGED from [com.google.firebase:firebase-analytics-impl:10.0.1] AndroidManifest.xml:16:1-29:12
MERGED from [com.google.firebase:firebase-iid:10.0.1] AndroidManifest.xml:16:1-51:12
MERGED from [com.google.firebase:firebase-database-connection:10.0.1] AndroidManifest.xml:2:1-4:12
MERGED from [com.google.firebase:firebase-common:10.0.1] AndroidManifest.xml:2:1-8:12
MERGED from [com.google.android.gms:play-services-base:10.0.1] AndroidManifest.xml:16:1-21:12
MERGED from [com.google.android.gms:play-services-tasks:10.0.1] AndroidManifest.xml:2:1-5:12
MERGED from [com.google.firebase:firebase-storage-common:10.0.1] AndroidManifest.xml:2:1-4:12
MERGED from [com.google.android.gms:play-services-basement:10.0.1] AndroidManifest.xml:16:1-23:12
MERGED from [com.android.support:palette-v7:23.4.0] AndroidManifest.xml:17:1-25:12
MERGED from [com.android.support:support-v4:25.3.1] AndroidManifest.xml:17:1-31:12
MERGED from [com.android.support:support-fragment:25.3.1] AndroidManifest.xml:17:1-31:12
MERGED from [com.android.support:support-core-ui:25.3.1] AndroidManifest.xml:17:1-31:12
MERGED from [com.android.support:support-media-compat:25.3.1] AndroidManifest.xml:17:1-31:12
MERGED from [com.android.support:support-core-utils:25.3.1] AndroidManifest.xml:17:1-31:12
MERGED from [com.android.support:support-compat:25.3.1] AndroidManifest.xml:17:1-31:12
INJECTED from src\main\AndroidManifest.xml:2:1-59:12
INJECTED from src\main\AndroidManifest.xml:2:1-59:12
INJECTED from src\main\AndroidManifest.xml:2:1-59:12
	package
		ADDED from src\main\AndroidManifest.xml:3:5-40
		INJECTED from src\main\AndroidManifest.xml
		INJECTED from src\main\AndroidManifest.xml
	android:versionName
		INJECTED from src\main\AndroidManifest.xml
		ADDED from src\main\AndroidManifest.xml:2:1-59:12
		INJECTED from src\main\AndroidManifest.xml
	android:versionCode
		INJECTED from src\main\AndroidManifest.xml
		ADDED from src\main\AndroidManifest.xml:2:1-59:12
		INJECTED from src\main\AndroidManifest.xml
	xmlns:android
		ADDED from src\main\AndroidManifest.xml:2:11-69
uses-permission#android.permission.INTERNET
ADDED from src\main\AndroidManifest.xml:5:5-67
MERGED from [com.firebaseui:firebase-ui-database:0.4.0] AndroidManifest.xml:11:5-67
MERGED from [com.firebaseui:firebase-ui-database:0.4.0] AndroidManifest.xml:11:5-67
MERGED from [com.google.firebase:firebase-analytics:10.0.1] AndroidManifest.xml:20:5-66
MERGED from [com.google.firebase:firebase-analytics:10.0.1] AndroidManifest.xml:20:5-66
MERGED from [com.google.firebase:firebase-analytics-impl:10.0.1] AndroidManifest.xml:20:5-66
MERGED from [com.google.firebase:firebase-analytics-impl:10.0.1] AndroidManifest.xml:20:5-66
MERGED from [com.google.firebase:firebase-iid:10.0.1] AndroidManifest.xml:20:5-66
MERGED from [com.google.firebase:firebase-iid:10.0.1] AndroidManifest.xml:20:5-66
	android:name
		ADDED from src\main\AndroidManifest.xml:5:22-64
uses-permission#android.permission.READ_EXTERNAL_STORAGE
ADDED from src\main\AndroidManifest.xml:6:5-80
	android:name
		ADDED from src\main\AndroidManifest.xml:6:22-77
uses-permission#android.permission.CAMERA
ADDED from src\main\AndroidManifest.xml:7:5-65
	android:name
		ADDED from src\main\AndroidManifest.xml:7:22-62
uses-feature#android.hardware.camera2
ADDED from src\main\AndroidManifest.xml:9:5-61
	android:name
		ADDED from src\main\AndroidManifest.xml:9:19-58
uses-feature#android.hardware.camera
ADDED from src\main\AndroidManifest.xml:10:5-60
	android:name
		ADDED from src\main\AndroidManifest.xml:10:19-57
application
ADDED from src\main\AndroidManifest.xml:12:5-57:19
MERGED from [com.android.support:design:25.3.1] AndroidManifest.xml:29:5-20
MERGED from [com.android.support:design:25.3.1] AndroidManifest.xml:29:5-20
MERGED from [com.android.support:appcompat-v7:25.3.1] AndroidManifest.xml:29:5-20
MERGED from [com.android.support:appcompat-v7:25.3.1] AndroidManifest.xml:29:5-20
MERGED from [com.android.support.constraint:constraint-layout:1.0.2] AndroidManifest.xml:9:5-20
MERGED from [com.android.support.constraint:constraint-layout:1.0.2] AndroidManifest.xml:9:5-20
MERGED from [com.google.firebase:firebase-auth:10.0.1] AndroidManifest.xml:19:5-20:19
MERGED from [com.google.firebase:firebase-auth:10.0.1] AndroidManifest.xml:19:5-20:19
MERGED from [com.google.firebase:firebase-core:10.0.1] AndroidManifest.xml:5:5-20
MERGED from [com.google.firebase:firebase-core:10.0.1] AndroidManifest.xml:5:5-20
MERGED from [com.android.support:cardview-v7:25.3.1] AndroidManifest.xml:26:5-20
MERGED from [com.android.support:cardview-v7:25.3.1] AndroidManifest.xml:26:5-20
MERGED from [com.android.support:transition:25.3.1] AndroidManifest.xml:26:5-20
MERGED from [com.android.support:transition:25.3.1] AndroidManifest.xml:26:5-20
MERGED from [com.android.support:animated-vector-drawable:25.3.1] AndroidManifest.xml:26:5-20
MERGED from [com.android.support:animated-vector-drawable:25.3.1] AndroidManifest.xml:26:5-20
MERGED from [com.android.support:support-vector-drawable:25.3.1] AndroidManifest.xml:26:5-20
MERGED from [com.android.support:support-vector-drawable:25.3.1] AndroidManifest.xml:26:5-20
MERGED from [com.google.firebase:firebase-analytics:10.0.1] AndroidManifest.xml:24:5-33:19
MERGED from [com.google.firebase:firebase-analytics:10.0.1] AndroidManifest.xml:24:5-33:19
MERGED from [com.google.firebase:firebase-analytics-impl:10.0.1] AndroidManifest.xml:24:5-28:19
MERGED from [com.google.firebase:firebase-analytics-impl:10.0.1] AndroidManifest.xml:24:5-28:19
MERGED from [com.google.firebase:firebase-iid:10.0.1] AndroidManifest.xml:28:5-50:19
MERGED from [com.google.firebase:firebase-iid:10.0.1] AndroidManifest.xml:28:5-50:19
MERGED from [com.google.firebase:firebase-common:10.0.1] AndroidManifest.xml:4:5-7:19
MERGED from [com.google.firebase:firebase-common:10.0.1] AndroidManifest.xml:4:5-7:19
MERGED from [com.google.android.gms:play-services-base:10.0.1] AndroidManifest.xml:18:5-20:19
MERGED from [com.google.android.gms:play-services-base:10.0.1] AndroidManifest.xml:18:5-20:19
MERGED from [com.google.android.gms:play-services-tasks:10.0.1] AndroidManifest.xml:4:5-19
MERGED from [com.google.android.gms:play-services-tasks:10.0.1] AndroidManifest.xml:4:5-19
MERGED from [com.google.android.gms:play-services-basement:10.0.1] AndroidManifest.xml:19:5-21:19
MERGED from [com.google.android.gms:play-services-basement:10.0.1] AndroidManifest.xml:19:5-21:19
MERGED from [com.android.support:palette-v7:23.4.0] AndroidManifest.xml:22:5-23:19
MERGED from [com.android.support:palette-v7:23.4.0] AndroidManifest.xml:22:5-23:19
MERGED from [com.android.support:support-v4:25.3.1] AndroidManifest.xml:29:5-20
MERGED from [com.android.support:support-v4:25.3.1] AndroidManifest.xml:29:5-20
MERGED from [com.android.support:support-fragment:25.3.1] AndroidManifest.xml:29:5-20
MERGED from [com.android.support:support-fragment:25.3.1] AndroidManifest.xml:29:5-20
MERGED from [com.android.support:support-core-ui:25.3.1] AndroidManifest.xml:29:5-20
MERGED from [com.android.support:support-core-ui:25.3.1] AndroidManifest.xml:29:5-20
MERGED from [com.android.support:support-media-compat:25.3.1] AndroidManifest.xml:29:5-20
MERGED from [com.android.support:support-media-compat:25.3.1] AndroidManifest.xml:29:5-20
MERGED from [com.android.support:support-core-utils:25.3.1] AndroidManifest.xml:29:5-20
MERGED from [com.android.support:support-core-utils:25.3.1] AndroidManifest.xml:29:5-20
MERGED from [com.android.support:support-compat:25.3.1] AndroidManifest.xml:29:5-20
MERGED from [com.android.support:support-compat:25.3.1] AndroidManifest.xml:29:5-20
	android:supportsRtl
		ADDED from src\main\AndroidManifest.xml:17:9-35
	android:label
		ADDED from src\main\AndroidManifest.xml:15:9-41
	android:roundIcon
		ADDED from src\main\AndroidManifest.xml:16:9-54
	android:icon
		ADDED from src\main\AndroidManifest.xml:14:9-43
	android:allowBackup
		ADDED from src\main\AndroidManifest.xml:13:9-35
	android:theme
		ADDED from src\main\AndroidManifest.xml:18:9-40
activity#example.hp.nitjplacements.Login
ADDED from src\main\AndroidManifest.xml:19:9-20:20
	android:theme
		ADDED from src\main\AndroidManifest.xml:19:41-97
	android:name
		ADDED from src\main\AndroidManifest.xml:19:19-40
activity#example.hp.nitjplacements.home
ADDED from src\main\AndroidManifest.xml:21:9-78
	android:screenOrientation
		ADDED from src\main\AndroidManifest.xml:21:40-76
	android:name
		ADDED from src\main\AndroidManifest.xml:21:19-39
activity#example.hp.nitjplacements.chat
ADDED from src\main\AndroidManifest.xml:22:9-78
	android:screenOrientation
		ADDED from src\main\AndroidManifest.xml:22:40-76
	android:name
		ADDED from src\main\AndroidManifest.xml:22:19-39
activity#example.hp.nitjplacements.chatconversation
ADDED from src\main\AndroidManifest.xml:23:9-90
	android:screenOrientation
		ADDED from src\main\AndroidManifest.xml:23:52-88
	android:name
		ADDED from src\main\AndroidManifest.xml:23:19-51
activity#example.hp.nitjplacements.enlargeview
ADDED from src\main\AndroidManifest.xml:24:9-85
	android:screenOrientation
		ADDED from src\main\AndroidManifest.xml:24:47-83
	android:name
		ADDED from src\main\AndroidManifest.xml:24:19-46
activity#example.hp.nitjplacements.forgotpasswordActivity
ADDED from src\main\AndroidManifest.xml:25:9-96
	android:screenOrientation
		ADDED from src\main\AndroidManifest.xml:25:58-94
	android:name
		ADDED from src\main\AndroidManifest.xml:25:19-57
activity#example.hp.nitjplacements.profile
ADDED from src\main\AndroidManifest.xml:26:9-81
	android:screenOrientation
		ADDED from src\main\AndroidManifest.xml:26:43-79
	android:name
		ADDED from src\main\AndroidManifest.xml:26:19-42
activity#example.hp.nitjplacements.upcomingcompanies
ADDED from src\main\AndroidManifest.xml:27:9-92
	android:screenOrientation
		ADDED from src\main\AndroidManifest.xml:27:53-89
	android:name
		ADDED from src\main\AndroidManifest.xml:27:19-52
activity#example.hp.nitjplacements.singlecompanyActivity
ADDED from src\main\AndroidManifest.xml:28:9-95
	android:screenOrientation
		ADDED from src\main\AndroidManifest.xml:28:57-93
	android:name
		ADDED from src\main\AndroidManifest.xml:28:19-56
activity#example.hp.nitjplacements.changeuserdetails
ADDED from src\main\AndroidManifest.xml:29:9-92
	android:screenOrientation
		ADDED from src\main\AndroidManifest.xml:29:53-89
	android:name
		ADDED from src\main\AndroidManifest.xml:29:19-52
activity#example.hp.nitjplacements.prinfo
ADDED from src\main\AndroidManifest.xml:30:9-80
	android:screenOrientation
		ADDED from src\main\AndroidManifest.xml:30:42-78
	android:name
		ADDED from src\main\AndroidManifest.xml:30:19-41
activity#example.hp.nitjplacements.prhome
ADDED from src\main\AndroidManifest.xml:31:9-80
	android:screenOrientation
		ADDED from src\main\AndroidManifest.xml:31:42-78
	android:name
		ADDED from src\main\AndroidManifest.xml:31:19-41
activity#example.hp.nitjplacements.Allcompanies
ADDED from src\main\AndroidManifest.xml:32:9-86
	android:screenOrientation
		ADDED from src\main\AndroidManifest.xml:32:48-84
	android:name
		ADDED from src\main\AndroidManifest.xml:32:19-47
activity#example.hp.nitjplacements.addcompany
ADDED from src\main\AndroidManifest.xml:33:9-84
	android:screenOrientation
		ADDED from src\main\AndroidManifest.xml:33:46-82
	android:name
		ADDED from src\main\AndroidManifest.xml:33:19-45
activity#example.hp.nitjplacements.singleallcompanyactivity
ADDED from src\main\AndroidManifest.xml:34:9-98
	android:screenOrientation
		ADDED from src\main\AndroidManifest.xml:34:60-96
	android:name
		ADDED from src\main\AndroidManifest.xml:34:19-59
activity#example.hp.nitjplacements.prupcomingcompanies
ADDED from src\main\AndroidManifest.xml:35:9-93
	android:screenOrientation
		ADDED from src\main\AndroidManifest.xml:35:55-91
	android:name
		ADDED from src\main\AndroidManifest.xml:35:19-54
activity#example.hp.nitjplacements.addupcomingcompany
ADDED from src\main\AndroidManifest.xml:36:9-92
	android:screenOrientation
		ADDED from src\main\AndroidManifest.xml:36:54-90
	android:name
		ADDED from src\main\AndroidManifest.xml:36:19-53
activity#example.hp.nitjplacements.upcomingcompaniesstudentfilter
ADDED from src\main\AndroidManifest.xml:37:9-105
	android:screenOrientation
		ADDED from src\main\AndroidManifest.xml:37:66-102
	android:name
		ADDED from src\main\AndroidManifest.xml:37:19-65
activity#example.hp.nitjplacements.prpreviouscompanies
ADDED from src\main\AndroidManifest.xml:38:9-94
	android:screenOrientation
		ADDED from src\main\AndroidManifest.xml:38:55-91
	android:name
		ADDED from src\main\AndroidManifest.xml:38:19-54
activity#example.hp.nitjplacements.addpreviouscompany
ADDED from src\main\AndroidManifest.xml:39:9-93
	android:screenOrientation
		ADDED from src\main\AndroidManifest.xml:39:54-90
	android:name
		ADDED from src\main\AndroidManifest.xml:39:19-53
activity#example.hp.nitjplacements.singlepreviouscompanyactivity
ADDED from src\main\AndroidManifest.xml:40:9-103
	android:screenOrientation
		ADDED from src\main\AndroidManifest.xml:40:65-101
	android:name
		ADDED from src\main\AndroidManifest.xml:40:19-64
activity#example.hp.nitjplacements.previouscompanyaddstudents
ADDED from src\main\AndroidManifest.xml:41:9-100
	android:screenOrientation
		ADDED from src\main\AndroidManifest.xml:41:62-98
	android:name
		ADDED from src\main\AndroidManifest.xml:41:19-61
activity#example.hp.nitjplacements.previouscompanyviewstudents
ADDED from src\main\AndroidManifest.xml:42:9-101
	android:screenOrientation
		ADDED from src\main\AndroidManifest.xml:42:63-99
	android:name
		ADDED from src\main\AndroidManifest.xml:42:19-62
activity#example.hp.nitjplacements.singlestudent
ADDED from src\main\AndroidManifest.xml:43:9-87
	android:screenOrientation
		ADDED from src\main\AndroidManifest.xml:43:49-85
	android:name
		ADDED from src\main\AndroidManifest.xml:43:19-48
activity#example.hp.nitjplacements.studentpreviouscompanies
ADDED from src\main\AndroidManifest.xml:44:9-98
	android:screenOrientation
		ADDED from src\main\AndroidManifest.xml:44:60-96
	android:name
		ADDED from src\main\AndroidManifest.xml:44:19-59
activity#example.hp.nitjplacements.studentzone
ADDED from src\main\AndroidManifest.xml:45:9-87
	android:screenOrientation
		ADDED from src\main\AndroidManifest.xml:45:48-84
	android:name
		ADDED from src\main\AndroidManifest.xml:45:19-46
activity#example.hp.nitjplacements.filterstudents
ADDED from src\main\AndroidManifest.xml:46:9-89
	android:screenOrientation
		ADDED from src\main\AndroidManifest.xml:46:50-86
	android:name
		ADDED from src\main\AndroidManifest.xml:46:19-49
activity#example.hp.nitjplacements.updatestudents
ADDED from src\main\AndroidManifest.xml:47:9-90
	android:screenOrientation
		ADDED from src\main\AndroidManifest.xml:47:51-87
	android:name
		ADDED from src\main\AndroidManifest.xml:47:19-49
activity#example.hp.nitjplacements.splash
ADDED from src\main\AndroidManifest.xml:48:9-56:20
	android:screenOrientation
		ADDED from src\main\AndroidManifest.xml:49:13-49
	android:theme
		ADDED from src\main\AndroidManifest.xml:50:12-68
	android:name
		ADDED from src\main\AndroidManifest.xml:48:19-41
intent-filter#android.intent.action.MAIN+android.intent.category.LAUNCHER
ADDED from src\main\AndroidManifest.xml:51:17-54:33
action#android.intent.action.MAIN
ADDED from src\main\AndroidManifest.xml:52:21-73
	android:name
		ADDED from src\main\AndroidManifest.xml:52:29-70
category#android.intent.category.LAUNCHER
ADDED from src\main\AndroidManifest.xml:53:21-81
	android:name
		ADDED from src\main\AndroidManifest.xml:53:31-78
uses-sdk
INJECTED from src\main\AndroidManifest.xml reason: use-sdk injection requested
INJECTED from src\main\AndroidManifest.xml
INJECTED from src\main\AndroidManifest.xml
MERGED from [com.android.support:design:25.3.1] AndroidManifest.xml:21:5-23:62
MERGED from [com.android.support:design:25.3.1] AndroidManifest.xml:21:5-23:62
MERGED from [com.firebaseui:firebase-ui-storage:0.6.0] AndroidManifest.xml:7:5-9:41
MERGED from [com.firebaseui:firebase-ui-storage:0.6.0] AndroidManifest.xml:7:5-9:41
MERGED from [com.firebaseui:firebase-ui-database:0.4.0] AndroidManifest.xml:7:5-9:41
MERGED from [com.firebaseui:firebase-ui-database:0.4.0] AndroidManifest.xml:7:5-9:41
MERGED from [com.android.support:appcompat-v7:25.3.1] AndroidManifest.xml:21:5-23:78
MERGED from [com.android.support:appcompat-v7:25.3.1] AndroidManifest.xml:21:5-23:78
MERGED from [com.android.support.constraint:constraint-layout:1.0.2] AndroidManifest.xml:5:5-7:41
MERGED from [com.android.support.constraint:constraint-layout:1.0.2] AndroidManifest.xml:5:5-7:41
MERGED from [com.google.firebase:firebase-database:10.0.1] AndroidManifest.xml:3:5-42
MERGED from [com.google.firebase:firebase-database:10.0.1] AndroidManifest.xml:3:5-42
MERGED from [com.google.firebase:firebase-auth:10.0.1] AndroidManifest.xml:17:5-42
MERGED from [com.google.firebase:firebase-auth:10.0.1] AndroidManifest.xml:17:5-42
MERGED from [com.google.firebase:firebase-core:10.0.1] AndroidManifest.xml:4:5-42
MERGED from [com.google.firebase:firebase-core:10.0.1] AndroidManifest.xml:4:5-42
MERGED from [com.google.firebase:firebase-storage:10.0.1] AndroidManifest.xml:3:5-42
MERGED from [com.google.firebase:firebase-storage:10.0.1] AndroidManifest.xml:3:5-42
MERGED from [com.android.support:cardview-v7:25.3.1] AndroidManifest.xml:20:5-43
MERGED from [com.android.support:cardview-v7:25.3.1] AndroidManifest.xml:20:5-43
MERGED from [com.android.support:transition:25.3.1] AndroidManifest.xml:20:5-44
MERGED from [com.android.support:transition:25.3.1] AndroidManifest.xml:20:5-44
MERGED from [com.android.support:animated-vector-drawable:25.3.1] AndroidManifest.xml:20:5-44
MERGED from [com.android.support:animated-vector-drawable:25.3.1] AndroidManifest.xml:20:5-44
MERGED from [com.android.support:support-vector-drawable:25.3.1] AndroidManifest.xml:20:5-43
MERGED from [com.android.support:support-vector-drawable:25.3.1] AndroidManifest.xml:20:5-43
MERGED from [com.android.support:recyclerview-v7:25.3.1] AndroidManifest.xml:20:5-43
MERGED from [com.android.support:recyclerview-v7:25.3.1] AndroidManifest.xml:20:5-43
MERGED from [com.google.firebase:firebase-analytics:10.0.1] AndroidManifest.xml:17:5-42
MERGED from [com.google.firebase:firebase-analytics:10.0.1] AndroidManifest.xml:17:5-42
MERGED from [com.google.firebase:firebase-analytics-impl:10.0.1] AndroidManifest.xml:17:5-42
MERGED from [com.google.firebase:firebase-analytics-impl:10.0.1] AndroidManifest.xml:17:5-42
MERGED from [com.google.firebase:firebase-iid:10.0.1] AndroidManifest.xml:17:5-42
MERGED from [com.google.firebase:firebase-iid:10.0.1] AndroidManifest.xml:17:5-42
MERGED from [com.google.firebase:firebase-database-connection:10.0.1] AndroidManifest.xml:3:5-42
MERGED from [com.google.firebase:firebase-database-connection:10.0.1] AndroidManifest.xml:3:5-42
MERGED from [com.google.firebase:firebase-common:10.0.1] AndroidManifest.xml:3:5-42
MERGED from [com.google.firebase:firebase-common:10.0.1] AndroidManifest.xml:3:5-42
MERGED from [com.google.android.gms:play-services-base:10.0.1] AndroidManifest.xml:17:5-42
MERGED from [com.google.android.gms:play-services-base:10.0.1] AndroidManifest.xml:17:5-42
MERGED from [com.google.android.gms:play-services-tasks:10.0.1] AndroidManifest.xml:3:5-42
MERGED from [com.google.android.gms:play-services-tasks:10.0.1] AndroidManifest.xml:3:5-42
MERGED from [com.google.firebase:firebase-storage-common:10.0.1] AndroidManifest.xml:3:5-42
MERGED from [com.google.firebase:firebase-storage-common:10.0.1] AndroidManifest.xml:3:5-42
MERGED from [com.google.android.gms:play-services-basement:10.0.1] AndroidManifest.xml:17:5-42
MERGED from [com.google.android.gms:play-services-basement:10.0.1] AndroidManifest.xml:17:5-42
MERGED from [com.android.support:palette-v7:23.4.0] AndroidManifest.xml:20:5-43
MERGED from [com.android.support:palette-v7:23.4.0] AndroidManifest.xml:20:5-43
MERGED from [com.android.support:support-v4:25.3.1] AndroidManifest.xml:21:5-23:54
MERGED from [com.android.support:support-v4:25.3.1] AndroidManifest.xml:21:5-23:54
MERGED from [com.android.support:support-fragment:25.3.1] AndroidManifest.xml:21:5-23:60
MERGED from [com.android.support:support-fragment:25.3.1] AndroidManifest.xml:21:5-23:60
MERGED from [com.android.support:support-core-ui:25.3.1] AndroidManifest.xml:21:5-23:58
MERGED from [com.android.support:support-core-ui:25.3.1] AndroidManifest.xml:21:5-23:58
MERGED from [com.android.support:support-media-compat:25.3.1] AndroidManifest.xml:21:5-23:63
MERGED from [com.android.support:support-media-compat:25.3.1] AndroidManifest.xml:21:5-23:63
MERGED from [com.android.support:support-core-utils:25.3.1] AndroidManifest.xml:21:5-23:61
MERGED from [com.android.support:support-core-utils:25.3.1] AndroidManifest.xml:21:5-23:61
MERGED from [com.android.support:support-compat:25.3.1] AndroidManifest.xml:21:5-23:58
MERGED from [com.android.support:support-compat:25.3.1] AndroidManifest.xml:21:5-23:58
INJECTED from src\main\AndroidManifest.xml
INJECTED from src\main\AndroidManifest.xml
	tools:overrideLibrary
		ADDED from [com.android.support:design:25.3.1] AndroidManifest.xml:23:9-59
	android:targetSdkVersion
		INJECTED from src\main\AndroidManifest.xml
		ADDED from src\main\AndroidManifest.xml
		INJECTED from src\main\AndroidManifest.xml
	android:minSdkVersion
		INJECTED from src\main\AndroidManifest.xml
		ADDED from src\main\AndroidManifest.xml
		INJECTED from src\main\AndroidManifest.xml
meta-data#android.support.VERSION
ADDED from [com.android.support:design:25.3.1] AndroidManifest.xml:25:5-27:34
MERGED from [com.android.support:appcompat-v7:25.3.1] AndroidManifest.xml:25:5-27:34
MERGED from [com.android.support:appcompat-v7:25.3.1] AndroidManifest.xml:25:5-27:34
MERGED from [com.android.support:cardview-v7:25.3.1] AndroidManifest.xml:22:5-24:34
MERGED from [com.android.support:cardview-v7:25.3.1] AndroidManifest.xml:22:5-24:34
MERGED from [com.android.support:transition:25.3.1] AndroidManifest.xml:22:5-24:34
MERGED from [com.android.support:transition:25.3.1] AndroidManifest.xml:22:5-24:34
MERGED from [com.android.support:animated-vector-drawable:25.3.1] AndroidManifest.xml:22:5-24:34
MERGED from [com.android.support:animated-vector-drawable:25.3.1] AndroidManifest.xml:22:5-24:34
MERGED from [com.android.support:support-vector-drawable:25.3.1] AndroidManifest.xml:22:5-24:34
MERGED from [com.android.support:support-vector-drawable:25.3.1] AndroidManifest.xml:22:5-24:34
MERGED from [com.android.support:recyclerview-v7:25.3.1] AndroidManifest.xml:22:5-24:34
MERGED from [com.android.support:recyclerview-v7:25.3.1] AndroidManifest.xml:22:5-24:34
MERGED from [com.android.support:support-v4:25.3.1] AndroidManifest.xml:25:5-27:34
MERGED from [com.android.support:support-v4:25.3.1] AndroidManifest.xml:25:5-27:34
MERGED from [com.android.support:support-fragment:25.3.1] AndroidManifest.xml:25:5-27:34
MERGED from [com.android.support:support-fragment:25.3.1] AndroidManifest.xml:25:5-27:34
MERGED from [com.android.support:support-core-ui:25.3.1] AndroidManifest.xml:25:5-27:34
MERGED from [com.android.support:support-core-ui:25.3.1] AndroidManifest.xml:25:5-27:34
MERGED from [com.android.support:support-media-compat:25.3.1] AndroidManifest.xml:25:5-27:34
MERGED from [com.android.support:support-media-compat:25.3.1] AndroidManifest.xml:25:5-27:34
MERGED from [com.android.support:support-core-utils:25.3.1] AndroidManifest.xml:25:5-27:34
MERGED from [com.android.support:support-core-utils:25.3.1] AndroidManifest.xml:25:5-27:34
MERGED from [com.android.support:support-compat:25.3.1] AndroidManifest.xml:25:5-27:34
MERGED from [com.android.support:support-compat:25.3.1] AndroidManifest.xml:25:5-27:34
	android:value
		ADDED from [com.android.support:design:25.3.1] AndroidManifest.xml:27:9-31
	android:name
		ADDED from [com.android.support:design:25.3.1] AndroidManifest.xml:26:9-47
uses-permission#android.permission.ACCESS_NETWORK_STATE
ADDED from [com.google.firebase:firebase-analytics:10.0.1] AndroidManifest.xml:21:5-78
MERGED from [com.google.firebase:firebase-analytics-impl:10.0.1] AndroidManifest.xml:21:5-78
MERGED from [com.google.firebase:firebase-analytics-impl:10.0.1] AndroidManifest.xml:21:5-78
MERGED from [com.google.firebase:firebase-iid:10.0.1] AndroidManifest.xml:19:5-78
MERGED from [com.google.firebase:firebase-iid:10.0.1] AndroidManifest.xml:19:5-78
	android:name
		ADDED from [com.google.firebase:firebase-analytics:10.0.1] AndroidManifest.xml:21:22-76
uses-permission#android.permission.WAKE_LOCK
ADDED from [com.google.firebase:firebase-analytics:10.0.1] AndroidManifest.xml:22:5-67
MERGED from [com.google.firebase:firebase-analytics-impl:10.0.1] AndroidManifest.xml:22:5-67
MERGED from [com.google.firebase:firebase-analytics-impl:10.0.1] AndroidManifest.xml:22:5-67
MERGED from [com.google.firebase:firebase-iid:10.0.1] AndroidManifest.xml:21:5-67
MERGED from [com.google.firebase:firebase-iid:10.0.1] AndroidManifest.xml:21:5-67
	android:name
		ADDED from [com.google.firebase:firebase-analytics:10.0.1] AndroidManifest.xml:22:22-65
receiver#com.google.android.gms.measurement.AppMeasurementReceiver
ADDED from [com.google.firebase:firebase-analytics:10.0.1] AndroidManifest.xml:25:7-26:18
MERGED from [com.google.firebase:firebase-analytics-impl:10.0.1] AndroidManifest.xml:25:7-26:18
MERGED from [com.google.firebase:firebase-analytics-impl:10.0.1] AndroidManifest.xml:25:7-26:18
	android:enabled
		ADDED from [com.google.firebase:firebase-analytics:10.0.1] AndroidManifest.xml:25:90-112
	android:exported
		ADDED from [com.google.firebase:firebase-analytics:10.0.1] AndroidManifest.xml:25:113-137
	android:name
		ADDED from [com.google.firebase:firebase-analytics:10.0.1] AndroidManifest.xml:25:17-89
receiver#com.google.android.gms.measurement.AppMeasurementInstallReferrerReceiver
ADDED from [com.google.firebase:firebase-analytics:10.0.1] AndroidManifest.xml:27:7-31:18
	android:enabled
		ADDED from [com.google.firebase:firebase-analytics:10.0.1] AndroidManifest.xml:27:162-184
	android:permission
		ADDED from [com.google.firebase:firebase-analytics:10.0.1] AndroidManifest.xml:27:105-161
	android:name
		ADDED from [com.google.firebase:firebase-analytics:10.0.1] AndroidManifest.xml:27:17-104
intent-filter#com.android.vending.INSTALL_REFERRER
ADDED from [com.google.firebase:firebase-analytics:10.0.1] AndroidManifest.xml:28:11-30:27
action#com.android.vending.INSTALL_REFERRER
ADDED from [com.google.firebase:firebase-analytics:10.0.1] AndroidManifest.xml:29:15-76
	android:name
		ADDED from [com.google.firebase:firebase-analytics:10.0.1] AndroidManifest.xml:29:23-74
service#com.google.android.gms.measurement.AppMeasurementService
ADDED from [com.google.firebase:firebase-analytics:10.0.1] AndroidManifest.xml:32:7-137
MERGED from [com.google.firebase:firebase-analytics-impl:10.0.1] AndroidManifest.xml:27:7-137
MERGED from [com.google.firebase:firebase-analytics-impl:10.0.1] AndroidManifest.xml:27:7-137
	android:enabled
		ADDED from [com.google.firebase:firebase-analytics:10.0.1] AndroidManifest.xml:32:88-110
	android:exported
		ADDED from [com.google.firebase:firebase-analytics:10.0.1] AndroidManifest.xml:32:111-135
	android:name
		ADDED from [com.google.firebase:firebase-analytics:10.0.1] AndroidManifest.xml:32:16-87
uses-permission#com.google.android.c2dm.permission.RECEIVE
ADDED from [com.google.firebase:firebase-iid:10.0.1] AndroidManifest.xml:22:5-81
	android:name
		ADDED from [com.google.firebase:firebase-iid:10.0.1] AndroidManifest.xml:22:22-79
permission#${applicationId}.permission.C2D_MESSAGE
ADDED from [com.google.firebase:firebase-iid:10.0.1] AndroidManifest.xml:24:5-109
	android:protectionLevel
		ADDED from [com.google.firebase:firebase-iid:10.0.1] AndroidManifest.xml:24:72-107
	android:name
		ADDED from [com.google.firebase:firebase-iid:10.0.1] AndroidManifest.xml:24:17-71
permission#example.hp.nitjplacements.permission.C2D_MESSAGE
ADDED from [com.google.firebase:firebase-iid:10.0.1] AndroidManifest.xml:24:5-109
	android:protectionLevel
		ADDED from [com.google.firebase:firebase-iid:10.0.1] AndroidManifest.xml:24:72-107
	android:name
		ADDED from [com.google.firebase:firebase-iid:10.0.1] AndroidManifest.xml:24:17-71
uses-permission#${applicationId}.permission.C2D_MESSAGE
ADDED from [com.google.firebase:firebase-iid:10.0.1] AndroidManifest.xml:26:5-78
	android:name